{"uuid":"36eadaa1-46c4-4cc8-8da2-4043ae2774ea","name":"runners.LoanAccountTestRunner","children":["8214371f-12fe-4824-b702-e9694894485f"],"befores":[{"name":"setUpClass","status":"broken","statusDetails":{"known":false,"muted":false,"flaky":false,"message":"Illegal character in path at index 0: {com/testautomation/loanaccount/steps}","trace":"java.lang.IllegalArgumentException: Illegal character in path at index 0: {com/testautomation/loanaccount/steps}\r\n\tat java.base/java.net.URI.create(URI.java:906)\r\n\tat io.cucumber.core.feature.GluePath.parseAssumeClasspathScheme(GluePath.java:81)\r\n\tat io.cucumber.core.feature.GluePath.parse(GluePath.java:65)\r\n\tat io.cucumber.core.options.CucumberOptionsAnnotationParser.addGlue(CucumberOptionsAnnotationParser.java:126)\r\n\tat io.cucumber.core.options.CucumberOptionsAnnotationParser.parse(CucumberOptionsAnnotationParser.java:43)\r\n\tat io.cucumber.testng.TestNGCucumberRunner.<init>(TestNGCucumberRunner.java:85)\r\n\tat io.cucumber.testng.AbstractTestNGCucumberTests.setUpClass(AbstractTestNGCucumberTests.java:27)\r\n\tat java.base/jdk.internal.reflect.NativeMethodAccessorImpl.invoke0(Native Method)\r\n\tat java.base/jdk.internal.reflect.NativeMethodAccessorImpl.invoke(NativeMethodAccessorImpl.java:77)\r\n\tat java.base/jdk.internal.reflect.DelegatingMethodAccessorImpl.invoke(DelegatingMethodAccessorImpl.java:43)\r\n\tat java.base/java.lang.reflect.Method.invoke(Method.java:568)\r\n\tat org.testng.internal.invokers.MethodInvocationHelper.invokeMethod(MethodInvocationHelper.java:139)\r\n\tat org.testng.internal.invokers.MethodInvocationHelper.invokeMethodConsideringTimeout(MethodInvocationHelper.java:69)\r\n\tat org.testng.internal.invokers.ConfigInvoker.invokeConfigurationMethod(ConfigInvoker.java:390)\r\n\tat org.testng.internal.invokers.ConfigInvoker.invokeConfigurations(ConfigInvoker.java:325)\r\n\tat org.testng.internal.invokers.TestMethodWorker.invokeBeforeClassMethods(TestMethodWorker.java:180)\r\n\tat org.testng.internal.invokers.TestMethodWorker.run(TestMethodWorker.java:122)\r\n\tat java.base/java.util.ArrayList.forEach(ArrayList.java:1511)\r\n\tat org.testng.TestRunner.privateRun(TestRunner.java:848)\r\n\tat org.testng.TestRunner.run(TestRunner.java:621)\r\n\tat org.testng.SuiteRunner.runTest(SuiteRunner.java:443)\r\n\tat org.testng.SuiteRunner.runSequentially(SuiteRunner.java:437)\r\n\tat org.testng.SuiteRunner.privateRun(SuiteRunner.java:397)\r\n\tat org.testng.SuiteRunner.run(SuiteRunner.java:336)\r\n\tat org.testng.SuiteRunnerWorker.runSuite(SuiteRunnerWorker.java:52)\r\n\tat org.testng.SuiteRunnerWorker.run(SuiteRunnerWorker.java:95)\r\n\tat org.testng.TestNG.runSuitesSequentially(TestNG.java:1280)\r\n\tat org.testng.TestNG.runSuitesLocally(TestNG.java:1200)\r\n\tat org.testng.TestNG.runSuites(TestNG.java:1114)\r\n\tat org.testng.TestNG.run(TestNG.java:1082)\r\n\tat org.apache.maven.surefire.testng.TestNGExecutor.run(TestNGExecutor.java:308)\r\n\tat org.apache.maven.surefire.testng.TestNGXmlTestSuite.execute(TestNGXmlTestSuite.java:71)\r\n\tat org.apache.maven.surefire.testng.TestNGProvider.invoke(TestNGProvider.java:113)\r\n\tat org.apache.maven.surefire.booter.ForkedBooter.runSuitesInProcess(ForkedBooter.java:385)\r\n\tat org.apache.maven.surefire.booter.ForkedBooter.execute(ForkedBooter.java:162)\r\n\tat org.apache.maven.surefire.booter.ForkedBooter.run(ForkedBooter.java:507)\r\n\tat org.apache.maven.surefire.booter.ForkedBooter.main(ForkedBooter.java:495)\r\nCaused by: java.net.URISyntaxException: Illegal character in path at index 0: {com/testautomation/loanaccount/steps}\r\n\tat java.base/java.net.URI$Parser.fail(URI.java:2974)\r\n\tat java.base/java.net.URI$Parser.checkChars(URI.java:3145)\r\n\tat java.base/java.net.URI$Parser.parseHierarchical(URI.java:3227)\r\n\tat java.base/java.net.URI$Parser.parse(URI.java:3186)\r\n\tat java.base/java.net.URI.<init>(URI.java:623)\r\n\tat java.base/java.net.URI.create(URI.java:904)\r\n\t... 36 more\r\n"},"stage":"finished","description":"","steps":[],"attachments":[],"parameters":[],"start":1754120838230,"stop":1754120838262}],"afters":[{"name":"tearDownClass","status":"passed","stage":"finished","description":"","steps":[],"attachments":[],"parameters":[],"start":1754120838325,"stop":1754120838325}],"start":1754120838215,"stop":1754120838325}