{"uuid":"6d409182-47cc-4d98-92d0-48a2401cf441","historyId":"8f598f4e4dc20a4e82301ec066cb314c","fullName":"src/test/resources/features/login.feature:4","labels":[{"name":"tag","value":"selenium"},{"name":"host","value":"Logan"},{"name":"thread","value":"3212@Logan.TestNG-PoolService-0(25)"},{"name":"feature","value":"Loan Account Login"},{"name":"story","value":"Successful login"},{"name":"suite","value":"Loan Account Login"},{"name":"testClass","value":"Successful login"},{"name":"framework","value":"cucumber4jvm"},{"name":"language","value":"java"},{"name":"gherkin_uri","value":"file:///C:/Workspace/Automation/tutorial/CentralizedTestAutomationFramework/centralized-framework/loan-account/src/test/resources/features/login.feature"},{"name":"package","value":"src.test.resources.features.login_feature.Loan Account Login"}],"links":[],"name":"Successful login","status":"broken","statusDetails":{"known":false,"muted":false,"flaky":false,"message":"The model `gpt-4` does not exist or you do not have access to it.","trace":"com.theokanning.openai.OpenAiHttpException: The model `gpt-4` does not exist or you do not have access to it.\r\n\tat com.theokanning.openai.service.OpenAiService.execute(OpenAiService.java:522)\r\n\tat com.theokanning.openai.service.OpenAiService.createChatCompletion(OpenAiService.java:148)\r\n\tat com.testautomation.framework.gpt.LocatorRepairAssistant.suggestLocator(LocatorRepairAssistant.java:37)\r\n\tat com.testautomation.framework.Finder.SmartElementFinder.findElement(SmartElementFinder.java:46)\r\n\tat com.testautomation.loanaccount.pages.LoginPage.login(LoginPage.java:44)\r\n\tat com.testautomation.loanaccount.steps.LoginSteps.userLogsIn(LoginSteps.java:47)\r\n\tat ✽.user logs in with username \"neilherbertagtuca@gmail.com\" and password \"F1R3F0x@73\"(file:///C:/Workspace/Automation/tutorial/CentralizedTestAutomationFramework/centralized-framework/loan-account/src/test/resources/features/login.feature:6)\r\nCaused by: retrofit2.adapter.rxjava2.HttpException: HTTP 404 \r\n\tat retrofit2.adapter.rxjava2.BodyObservable$BodyObserver.onNext(BodyObservable.java:57)\r\n\tat retrofit2.adapter.rxjava2.BodyObservable$BodyObserver.onNext(BodyObservable.java:38)\r\n\tat retrofit2.adapter.rxjava2.CallExecuteObservable.subscribeActual(CallExecuteObservable.java:48)\r\n\tat io.reactivex.Observable.subscribe(Observable.java:10151)\r\n\tat retrofit2.adapter.rxjava2.BodyObservable.subscribeActual(BodyObservable.java:35)\r\n\tat io.reactivex.Observable.subscribe(Observable.java:10151)\r\n\tat io.reactivex.internal.operators.observable.ObservableSingleSingle.subscribeActual(ObservableSingleSingle.java:35)\r\n\tat io.reactivex.Single.subscribe(Single.java:2517)\r\n\tat io.reactivex.Single.blockingGet(Single.java:2001)\r\n\tat com.theokanning.openai.service.OpenAiService.execute(OpenAiService.java:513)\r\n\tat com.theokanning.openai.service.OpenAiService.createChatCompletion(OpenAiService.java:148)\r\n\tat com.testautomation.framework.gpt.LocatorRepairAssistant.suggestLocator(LocatorRepairAssistant.java:37)\r\n\tat com.testautomation.framework.Finder.SmartElementFinder.findElement(SmartElementFinder.java:46)\r\n\tat com.testautomation.loanaccount.pages.LoginPage.login(LoginPage.java:44)\r\n\tat com.testautomation.loanaccount.steps.LoginSteps.userLogsIn(LoginSteps.java:47)\r\n\tat java.base/jdk.internal.reflect.NativeMethodAccessorImpl.invoke0(Native Method)\r\n\tat java.base/jdk.internal.reflect.NativeMethodAccessorImpl.invoke(NativeMethodAccessorImpl.java:77)\r\n\tat java.base/jdk.internal.reflect.DelegatingMethodAccessorImpl.invoke(DelegatingMethodAccessorImpl.java:43)\r\n\tat java.base/java.lang.reflect.Method.invoke(Method.java:568)\r\n\tat io.cucumber.java.Invoker.doInvoke(Invoker.java:66)\r\n\tat io.cucumber.java.Invoker.invoke(Invoker.java:24)\r\n\tat io.cucumber.java.AbstractGlueDefinition.invokeMethod(AbstractGlueDefinition.java:47)\r\n\tat io.cucumber.java.JavaStepDefinition.execute(JavaStepDefinition.java:29)\r\n\tat io.cucumber.core.runner.CoreStepDefinition.execute(CoreStepDefinition.java:66)\r\n\tat io.cucumber.core.runner.PickleStepDefinitionMatch.runStep(PickleStepDefinitionMatch.java:63)\r\n\tat io.cucumber.core.runner.ExecutionMode$1.execute(ExecutionMode.java:10)\r\n\tat io.cucumber.core.runner.TestStep.executeStep(TestStep.java:84)\r\n\tat io.cucumber.core.runner.TestStep.run(TestStep.java:56)\r\n\tat io.cucumber.core.runner.PickleStepTestStep.run(PickleStepTestStep.java:51)\r\n\tat io.cucumber.core.runner.TestCase.run(TestCase.java:84)\r\n\tat io.cucumber.core.runner.Runner.runPickle(Runner.java:75)\r\n\tat io.cucumber.testng.TestNGCucumberRunner.lambda$runScenario$1(TestNGCucumberRunner.java:132)\r\n\tat io.cucumber.core.runtime.CucumberExecutionContext.lambda$runTestCase$5(CucumberExecutionContext.java:137)\r\n\tat io.cucumber.core.runtime.RethrowingThrowableCollector.executeAndThrow(RethrowingThrowableCollector.java:23)\r\n\tat io.cucumber.core.runtime.CucumberExecutionContext.runTestCase(CucumberExecutionContext.java:137)\r\n\tat io.cucumber.testng.TestNGCucumberRunner.runScenario(TestNGCucumberRunner.java:129)\r\n\tat io.cucumber.testng.AbstractTestNGCucumberTests.runScenario(AbstractTestNGCucumberTests.java:35)\r\n\tat java.base/jdk.internal.reflect.NativeMethodAccessorImpl.invoke0(Native Method)\r\n\tat java.base/jdk.internal.reflect.NativeMethodAccessorImpl.invoke(NativeMethodAccessorImpl.java:77)\r\n\tat java.base/jdk.internal.reflect.DelegatingMethodAccessorImpl.invoke(DelegatingMethodAccessorImpl.java:43)\r\n\tat java.base/java.lang.reflect.Method.invoke(Method.java:568)\r\n\tat org.testng.internal.invokers.MethodInvocationHelper.invokeMethod(MethodInvocationHelper.java:139)\r\n\tat org.testng.internal.invokers.TestInvoker.invokeMethod(TestInvoker.java:664)\r\n\tat org.testng.internal.invokers.TestInvoker.invokeTestMethod(TestInvoker.java:227)\r\n\tat org.testng.internal.invokers.TestMethodWithDataProviderMethodWorker.call(TestMethodWithDataProviderMethodWorker.java:80)\r\n\tat org.testng.internal.invokers.TestMethodWithDataProviderMethodWorker.call(TestMethodWithDataProviderMethodWorker.java:17)\r\n\tat java.base/java.util.concurrent.FutureTask.run(FutureTask.java:264)\r\n\tat java.base/java.util.concurrent.Executors$RunnableAdapter.call(Executors.java:539)\r\n\tat java.base/java.util.concurrent.FutureTask.run(FutureTask.java:264)\r\n\tat java.base/java.util.concurrent.ThreadPoolExecutor.runWorker(ThreadPoolExecutor.java:1136)\r\n\tat java.base/java.util.concurrent.ThreadPoolExecutor$Worker.run(ThreadPoolExecutor.java:635)\r\n\tat java.base/java.lang.Thread.run(Thread.java:842)\r\n"},"stage":"finished","steps":[{"name":"Given  user is on login page","status":"passed","statusDetails":{"known":false,"muted":false,"flaky":false},"stage":"finished","steps":[],"attachments":[{"name":"Login Page","source":"124f48ab-479d-4280-ba79-e9078d84da65-attachment.png","type":"image/png"}],"parameters":[],"start":1754564576500,"stop":1754564576606},{"name":"When  user logs in with username \"neilherbertagtuca@gmail.com\" and password \"F1R3F0x@73\"","status":"broken","statusDetails":{"known":false,"muted":false,"flaky":false,"message":"The model `gpt-4` does not exist or you do not have access to it.","trace":"com.theokanning.openai.OpenAiHttpException: The model `gpt-4` does not exist or you do not have access to it.\r\n\tat com.theokanning.openai.service.OpenAiService.execute(OpenAiService.java:522)\r\n\tat com.theokanning.openai.service.OpenAiService.createChatCompletion(OpenAiService.java:148)\r\n\tat com.testautomation.framework.gpt.LocatorRepairAssistant.suggestLocator(LocatorRepairAssistant.java:37)\r\n\tat com.testautomation.framework.Finder.SmartElementFinder.findElement(SmartElementFinder.java:46)\r\n\tat com.testautomation.loanaccount.pages.LoginPage.login(LoginPage.java:44)\r\n\tat com.testautomation.loanaccount.steps.LoginSteps.userLogsIn(LoginSteps.java:47)\r\n\tat ✽.user logs in with username \"neilherbertagtuca@gmail.com\" and password \"F1R3F0x@73\"(file:///C:/Workspace/Automation/tutorial/CentralizedTestAutomationFramework/centralized-framework/loan-account/src/test/resources/features/login.feature:6)\r\nCaused by: retrofit2.adapter.rxjava2.HttpException: HTTP 404 \r\n\tat retrofit2.adapter.rxjava2.BodyObservable$BodyObserver.onNext(BodyObservable.java:57)\r\n\tat retrofit2.adapter.rxjava2.BodyObservable$BodyObserver.onNext(BodyObservable.java:38)\r\n\tat retrofit2.adapter.rxjava2.CallExecuteObservable.subscribeActual(CallExecuteObservable.java:48)\r\n\tat io.reactivex.Observable.subscribe(Observable.java:10151)\r\n\tat retrofit2.adapter.rxjava2.BodyObservable.subscribeActual(BodyObservable.java:35)\r\n\tat io.reactivex.Observable.subscribe(Observable.java:10151)\r\n\tat io.reactivex.internal.operators.observable.ObservableSingleSingle.subscribeActual(ObservableSingleSingle.java:35)\r\n\tat io.reactivex.Single.subscribe(Single.java:2517)\r\n\tat io.reactivex.Single.blockingGet(Single.java:2001)\r\n\tat com.theokanning.openai.service.OpenAiService.execute(OpenAiService.java:513)\r\n\tat com.theokanning.openai.service.OpenAiService.createChatCompletion(OpenAiService.java:148)\r\n\tat com.testautomation.framework.gpt.LocatorRepairAssistant.suggestLocator(LocatorRepairAssistant.java:37)\r\n\tat com.testautomation.framework.Finder.SmartElementFinder.findElement(SmartElementFinder.java:46)\r\n\tat com.testautomation.loanaccount.pages.LoginPage.login(LoginPage.java:44)\r\n\tat com.testautomation.loanaccount.steps.LoginSteps.userLogsIn(LoginSteps.java:47)\r\n\tat java.base/jdk.internal.reflect.NativeMethodAccessorImpl.invoke0(Native Method)\r\n\tat java.base/jdk.internal.reflect.NativeMethodAccessorImpl.invoke(NativeMethodAccessorImpl.java:77)\r\n\tat java.base/jdk.internal.reflect.DelegatingMethodAccessorImpl.invoke(DelegatingMethodAccessorImpl.java:43)\r\n\tat java.base/java.lang.reflect.Method.invoke(Method.java:568)\r\n\tat io.cucumber.java.Invoker.doInvoke(Invoker.java:66)\r\n\tat io.cucumber.java.Invoker.invoke(Invoker.java:24)\r\n\tat io.cucumber.java.AbstractGlueDefinition.invokeMethod(AbstractGlueDefinition.java:47)\r\n\tat io.cucumber.java.JavaStepDefinition.execute(JavaStepDefinition.java:29)\r\n\tat io.cucumber.core.runner.CoreStepDefinition.execute(CoreStepDefinition.java:66)\r\n\tat io.cucumber.core.runner.PickleStepDefinitionMatch.runStep(PickleStepDefinitionMatch.java:63)\r\n\tat io.cucumber.core.runner.ExecutionMode$1.execute(ExecutionMode.java:10)\r\n\tat io.cucumber.core.runner.TestStep.executeStep(TestStep.java:84)\r\n\tat io.cucumber.core.runner.TestStep.run(TestStep.java:56)\r\n\tat io.cucumber.core.runner.PickleStepTestStep.run(PickleStepTestStep.java:51)\r\n\tat io.cucumber.core.runner.TestCase.run(TestCase.java:84)\r\n\tat io.cucumber.core.runner.Runner.runPickle(Runner.java:75)\r\n\tat io.cucumber.testng.TestNGCucumberRunner.lambda$runScenario$1(TestNGCucumberRunner.java:132)\r\n\tat io.cucumber.core.runtime.CucumberExecutionContext.lambda$runTestCase$5(CucumberExecutionContext.java:137)\r\n\tat io.cucumber.core.runtime.RethrowingThrowableCollector.executeAndThrow(RethrowingThrowableCollector.java:23)\r\n\tat io.cucumber.core.runtime.CucumberExecutionContext.runTestCase(CucumberExecutionContext.java:137)\r\n\tat io.cucumber.testng.TestNGCucumberRunner.runScenario(TestNGCucumberRunner.java:129)\r\n\tat io.cucumber.testng.AbstractTestNGCucumberTests.runScenario(AbstractTestNGCucumberTests.java:35)\r\n\tat java.base/jdk.internal.reflect.NativeMethodAccessorImpl.invoke0(Native Method)\r\n\tat java.base/jdk.internal.reflect.NativeMethodAccessorImpl.invoke(NativeMethodAccessorImpl.java:77)\r\n\tat java.base/jdk.internal.reflect.DelegatingMethodAccessorImpl.invoke(DelegatingMethodAccessorImpl.java:43)\r\n\tat java.base/java.lang.reflect.Method.invoke(Method.java:568)\r\n\tat org.testng.internal.invokers.MethodInvocationHelper.invokeMethod(MethodInvocationHelper.java:139)\r\n\tat org.testng.internal.invokers.TestInvoker.invokeMethod(TestInvoker.java:664)\r\n\tat org.testng.internal.invokers.TestInvoker.invokeTestMethod(TestInvoker.java:227)\r\n\tat org.testng.internal.invokers.TestMethodWithDataProviderMethodWorker.call(TestMethodWithDataProviderMethodWorker.java:80)\r\n\tat org.testng.internal.invokers.TestMethodWithDataProviderMethodWorker.call(TestMethodWithDataProviderMethodWorker.java:17)\r\n\tat java.base/java.util.concurrent.FutureTask.run(FutureTask.java:264)\r\n\tat java.base/java.util.concurrent.Executors$RunnableAdapter.call(Executors.java:539)\r\n\tat java.base/java.util.concurrent.FutureTask.run(FutureTask.java:264)\r\n\tat java.base/java.util.concurrent.ThreadPoolExecutor.runWorker(ThreadPoolExecutor.java:1136)\r\n\tat java.base/java.util.concurrent.ThreadPoolExecutor$Worker.run(ThreadPoolExecutor.java:635)\r\n\tat java.base/java.lang.Thread.run(Thread.java:842)\r\n"},"stage":"finished","steps":[],"attachments":[],"parameters":[],"start":1754564576607,"stop":1754564577634},{"name":"Then  user should be redirected to the dashboard","status":"skipped","statusDetails":{"known":false,"muted":false,"flaky":false},"stage":"finished","steps":[],"attachments":[],"parameters":[],"start":1754564577634,"stop":1754564577634}],"attachments":[],"parameters":[],"start":1754564574161,"stop":1754564577745}